<?xml version="1.0" encoding="UTF-8"?>
<testng-results ignored="0" total="1" passed="1" failed="0" skipped="0">
  <reporter-output>
  </reporter-output>
  <suite started-at="2022-02-01T10:51:32 IST" name="Default suite" finished-at="2022-02-01T10:51:32 IST" duration-ms="58">
    <groups>
    </groups>
    <test started-at="2022-02-01T10:51:32 IST" name="Default test" finished-at="2022-02-01T10:51:32 IST" duration-ms="58">
      <class name="Demo.NewTest">
        <test-method is-config="true" signature="beforeMethod()[pri:0, instance:Demo.NewTest@1f3f4916]" started-at="2022-02-01T10:51:32 IST" name="beforeMethod" finished-at="2022-02-01T10:51:32 IST" duration-ms="5" status="PASS">
          <reporter-output>
          </reporter-output>
        </test-method> <!-- beforeMethod -->
        <test-method signature="f()[pri:0, instance:Demo.NewTest@1f3f4916]" started-at="2022-02-01T10:51:32 IST" name="f" finished-at="2022-02-01T10:51:32 IST" duration-ms="5" status="PASS">
          <reporter-output>
          </reporter-output>
        </test-method> <!-- f -->
        <test-method is-config="true" signature="afterMethod()[pri:0, instance:Demo.NewTest@1f3f4916]" started-at="2022-02-01T10:51:32 IST" name="afterMethod" finished-at="2022-02-01T10:51:32 IST" duration-ms="0" status="PASS">
          <reporter-output>
          </reporter-output>
        </test-method> <!-- afterMethod -->
      </class> <!-- Demo.NewTest -->
    </test> <!-- Default test -->
  </suite> <!-- Default suite -->
</testng-results>
